<?xml version="1.0" encoding="UTF-8"?>
<testng-results ignored="0" total="1" passed="1" failed="0" skipped="0">
  <reporter-output>
  </reporter-output>
  <suite started-at="2022-07-12T20:10:20 IST" name="Default suite" finished-at="2022-07-12T20:10:59 IST" duration-ms="39020">
    <groups>
    </groups>
    <test started-at="2022-07-12T20:10:20 IST" name="Default test" finished-at="2022-07-12T20:10:59 IST" duration-ms="39020">
      <class name="TestCases.VerifySignUpPage">
        <test-method is-config="true" signature="browserLaunch()[pri:0, instance:TestCases.VerifySignUpPage@66d3eec0]" started-at="2022-07-12T20:10:20 IST" name="browserLaunch" finished-at="2022-07-12T20:10:27 IST" duration-ms="6621" status="PASS">
          <reporter-output>
          </reporter-output>
        </test-method> <!-- browserLaunch -->
        <test-method signature="signup()[pri:0, instance:TestCases.VerifySignUpPage@66d3eec0]" started-at="2022-07-12T20:10:27 IST" name="signup" finished-at="2022-07-12T20:10:55 IST" duration-ms="27812" status="PASS">
          <reporter-output>
          </reporter-output>
        </test-method> <!-- signup -->
        <test-method is-config="true" signature="closebrowser()[pri:0, instance:TestCases.VerifySignUpPage@66d3eec0]" started-at="2022-07-12T20:10:55 IST" name="closebrowser" finished-at="2022-07-12T20:10:59 IST" duration-ms="4551" status="PASS">
          <reporter-output>
          </reporter-output>
        </test-method> <!-- closebrowser -->
      </class> <!-- TestCases.VerifySignUpPage -->
    </test> <!-- Default test -->
  </suite> <!-- Default suite -->
</testng-results>
